<?xml version="1.0" encoding="UTF-8"?>
<!-- Generated by org.testng.reporters.JUnitXMLReporter -->
<testsuite ignored="0" hostname="LAPTOP-QQAI18EO" failures="0" tests="5" name="Default test" time="40.048" errors="0" timestamp="2024-01-03T17:26:20 IST">
  <testcase classname="com.appiumTest.Login" name="test01" time="27.265"/>
  <testcase classname="com.appiumTest.Login" name="test02" time="0.715"/>
  <testcase classname="com.appiumTest.Login" name="test03" time="1.327"/>
  <testcase classname="com.appiumTest.Login" name="test04" time="0.2"/>
  <testcase classname="com.appiumTest.Products" name="test01" time="4.466"/>
</testsuite> <!-- Default test -->
