<?xml version="1.0" encoding="UTF-8"?>
<!-- Generated by org.testng.reporters.JUnitXMLReporter -->
<testsuite ignored="0" hostname="LAPTOP-QQAI18EO" failures="0" tests="4" name="LoginTest" time="29.536" errors="0" timestamp="2024-01-03T19:35:13 IST">
  <testcase classname="com.appiumTest.Login" name="test01" time="27.713"/>
  <testcase classname="com.appiumTest.Login" name="test02" time="0.237"/>
  <testcase classname="com.appiumTest.Login" name="test03" time="1.34"/>
  <testcase classname="com.appiumTest.Login" name="test04" time="0.206"/>
</testsuite> <!-- LoginTest -->
