<?xml version="1.0" encoding="UTF-8"?>
<testng-results ignored="0" total="4" passed="4" failed="0" skipped="0">
  <reporter-output>
  </reporter-output>
  <suite started-at="2024-01-03T19:34:44 IST" name="Suite" finished-at="2024-01-03T19:35:13 IST" duration-ms="29536">
    <groups>
      <group name="login">
        <method signature="Login.test01()[pri:1, instance:com.appiumTest.Login@53fb3dab]" name="test01" class="com.appiumTest.Login"/>
        <method signature="Login.test02()[pri:2, instance:com.appiumTest.Login@53fb3dab]" name="test02" class="com.appiumTest.Login"/>
        <method signature="Login.test03()[pri:3, instance:com.appiumTest.Login@53fb3dab]" name="test03" class="com.appiumTest.Login"/>
        <method signature="Login.test04()[pri:4, instance:com.appiumTest.Login@53fb3dab]" name="test04" class="com.appiumTest.Login"/>
      </group> <!-- login -->
    </groups>
    <test started-at="2024-01-03T19:34:44 IST" name="LoginTest" finished-at="2024-01-03T19:35:13 IST" duration-ms="29536">
      <class name="com.appiumTest.Login">
        <test-method is-config="true" signature="test()[pri:0, instance:com.appiumTest.Login@53fb3dab]" started-at="2024-01-03T19:34:36 IST" name="test" finished-at="2024-01-03T19:34:44 IST" duration-ms="7528" status="PASS">
          <reporter-output>
          </reporter-output>
        </test-method> <!-- test -->
        <test-method signature="test01()[pri:1, instance:com.appiumTest.Login@53fb3dab]" started-at="2024-01-03T19:34:44 IST" name="test01" finished-at="2024-01-03T19:35:12 IST" duration-ms="27713" status="PASS">
          <reporter-output>
          </reporter-output>
        </test-method> <!-- test01 -->
        <test-method signature="test02()[pri:2, instance:com.appiumTest.Login@53fb3dab]" started-at="2024-01-03T19:35:12 IST" name="test02" finished-at="2024-01-03T19:35:12 IST" duration-ms="237" status="PASS">
          <reporter-output>
          </reporter-output>
        </test-method> <!-- test02 -->
        <test-method signature="test03()[pri:3, instance:com.appiumTest.Login@53fb3dab]" started-at="2024-01-03T19:35:12 IST" name="test03" finished-at="2024-01-03T19:35:13 IST" duration-ms="1340" status="PASS">
          <reporter-output>
          </reporter-output>
        </test-method> <!-- test03 -->
        <test-method signature="test04()[pri:4, instance:com.appiumTest.Login@53fb3dab]" started-at="2024-01-03T19:35:13 IST" name="test04" finished-at="2024-01-03T19:35:13 IST" duration-ms="206" status="PASS">
          <reporter-output>
          </reporter-output>
        </test-method> <!-- test04 -->
      </class> <!-- com.appiumTest.Login -->
    </test> <!-- LoginTest -->
  </suite> <!-- Suite -->
</testng-results>
